INFO: 2016-12-30 10:44:33,596: perform_upgrade() 'Last run version was 0.6.3 or earlier, current version is 0.6.3'
INFO: 2016-12-30 10:44:33,598: process_command() 'Received command: []'
INFO: 2016-12-30 10:44:33,605: load_banned() 'Missing or invalid banned URLs list, no URLs will be banned'
INFO: 2016-12-30 10:44:34,034: load() 'Jumble loading'
INFO: 2016-12-30 10:44:34,043: _walk_modules() 'Jumble loading module in __init__ from /usr/share/variety/plugins/__init__.py'
INFO: 2016-12-30 10:44:34,044: _walk_modules() 'Jumble loading module in LocalFilesSource from /usr/share/variety/plugins/quotes/LocalFilesSource.py'
INFO: 2016-12-30 10:44:34,079: load() 'Jumble found plugin class: <class 'LocalFilesSource.LocalFilesSource'>: {'author': 'Peter Levi', 'name': 'Local text files', 'version': '0.1', 'description': u'Displays quotes, defined in local text files.\nPut your own txt files in: ~/.config/variety/pluginconfig/quotes/.\nThe file format is:\n\nquote -- author\n.\nsecond quote -- another author\n.\netc...\n\nExample: http://rvelthuis.de/zips/quotes.txt'}'
INFO: 2016-12-30 10:44:34,079: _walk_modules() 'Jumble loading module in QuotesDaddySource from /usr/share/variety/plugins/quotes/QuotesDaddySource.py'
INFO: 2016-12-30 10:44:34,082: load() 'Jumble found plugin class: <class 'QuotesDaddySource.QuotesDaddySource'>: {'author': 'Peter Levi', 'name': 'QuotesDaddy', 'version': '0.1', 'description': u"Fetches quotes from QuotesDaddy's daily quotes RSS feed.\nDoes not support searching by tags or authors."}'
INFO: 2016-12-30 10:44:34,082: _walk_modules() 'Jumble loading module in __init__ from /usr/share/variety/plugins/quotes/__init__.py'
INFO: 2016-12-30 10:44:34,083: _walk_modules() 'Jumble loading module in QuotationsPageSource from /usr/share/variety/plugins/quotes/QuotationsPageSource.py'
INFO: 2016-12-30 10:44:34,207: load() 'Jumble found plugin class: <class 'QuotationsPageSource.QuotationsPageSource'>: {'author': 'Peter Levi', 'name': 'TheQuotationsPage.com', 'version': '0.1', 'description': u'Fetches quotes from TheQuotationsPage.com'}'
INFO: 2016-12-30 10:44:34,207: _walk_modules() 'Jumble loading module in GoodreadsSource from /usr/share/variety/plugins/quotes/GoodreadsSource.py'
INFO: 2016-12-30 10:44:34,332: load() 'Jumble found plugin class: <class 'GoodreadsSource.GoodreadsSource'>: {'author': 'Peter Levi', 'name': 'Goodreads', 'version': '0.1', 'description': u'Fetches quotes from Goodreads.com'}'
INFO: 2016-12-30 10:44:34,623: reload_config() 'Creating new downloader for type 19, location Recommended by Variety. Adapts to your taste as you mark images as favorite or trash.'
ERROR: 2016-12-30 10:44:34,624: reload_config() 'Could not create Downloader for type 19, location Recommended by Variety. Adapts to your taste as you mark images as favorite or trash.'
Traceback (most recent call last):
  File "/usr/lib/python2.7/site-packages/variety/VarietyWindow.py", line 413, in reload_config
    dlr = self.create_downloader(type, location)
  File "/usr/lib/python2.7/site-packages/variety/VarietyWindow.py", line 550, in create_downloader
    raise Exception('No Smart user yet, not a problem')
Exception: No Smart user yet, not a problem
INFO: 2016-12-30 10:44:34,624: reload_config() 'Creating new downloader for type 6, location Random wallpapers from Desktoppr.co'
INFO: 2016-12-30 10:44:34,624: reload_config() 'Creating new downloader for type 15, location Bing Photo of the Day'
INFO: 2016-12-30 10:44:34,625: reload_config() 'Creating new downloader for type 16, location High-resolution photos from Unsplash.com'
INFO: 2016-12-30 10:44:34,625: reload_config() 'Creating new downloader for type 8, location NASA's Astronomy Picture of the Day'
INFO: 2016-12-30 10:44:34,625: reload_config() 'Creating new downloader for type 7, location user:www.flickr.com/photos/peter-levi/;user_id:93647178@N00;'
INFO: 2016-12-30 10:44:34,627: log_options() 'Loaded options:'
INFO: 2016-12-30 10:44:34,627: log_options() 'change_enabled = False'
INFO: 2016-12-30 10:44:34,628: log_options() 'change_interval = 300'
INFO: 2016-12-30 10:44:34,628: log_options() 'change_on_start = True'
INFO: 2016-12-30 10:44:34,628: log_options() 'clipboard_enabled = False'
INFO: 2016-12-30 10:44:34,628: log_options() 'clipboard_hosts = [u'wallhaven.cc', u'ns223506.ovh.net', u'wallpapers.net', u'flickr.com', u'imgur.com', u'deviantart.com', u'interfacelift.com', u'vladstudio.com', u'imageshack.us']'
INFO: 2016-12-30 10:44:34,628: log_options() 'clipboard_use_whitelist = True'
INFO: 2016-12-30 10:44:34,629: log_options() 'clock_date_font = Ubuntu Condensed, 30'
INFO: 2016-12-30 10:44:34,629: log_options() 'clock_enabled = False'
INFO: 2016-12-30 10:44:34,629: log_options() 'clock_filter = -density 100 -font `fc-match -f '%{file[0]}' '%CLOCK_FONT_NAME'` -pointsize %CLOCK_FONT_SIZE -gravity SouthEast -fill '#00000044' -annotate 0x0+[%HOFFSET+58]+[%VOFFSET+108] '%H:%M' -fill white -annotate 0x0+[%HOFFSET+60]+[%VOFFSET+110] '%H:%M' -font `fc-match -f '%{file[0]}' '%DATE_FONT_NAME'` -pointsize %DATE_FONT_SIZE -fill '#00000044' -annotate 0x0+[%HOFFSET+58]+[%VOFFSET+58] '%A, %B %d' -fill white -annotate 0x0+[%HOFFSET+60]+[%VOFFSET+60] '%A, %B %d''
INFO: 2016-12-30 10:44:34,629: log_options() 'clock_font = Ubuntu Condensed, 70'
INFO: 2016-12-30 10:44:34,629: log_options() 'configfile = /home/alter/.config/variety/variety.conf'
INFO: 2016-12-30 10:44:34,630: log_options() 'copyto_enabled = False'
INFO: 2016-12-30 10:44:34,630: log_options() 'copyto_folder = Default'
INFO: 2016-12-30 10:44:34,630: log_options() 'desired_color = [159, 159, 159]'
INFO: 2016-12-30 10:44:34,630: log_options() 'desired_color_enabled = False'
INFO: 2016-12-30 10:44:34,631: log_options() 'download_enabled = True'
INFO: 2016-12-30 10:44:34,631: log_options() 'download_folder = /home/alter/.config/variety/Downloaded'
INFO: 2016-12-30 10:44:34,631: log_options() 'download_interval = 600'
INFO: 2016-12-30 10:44:34,631: log_options() 'facebook_message = '
INFO: 2016-12-30 10:44:34,631: log_options() 'facebook_show_dialog = True'
INFO: 2016-12-30 10:44:34,632: log_options() 'favorites_folder = /home/alter/.config/variety/Favorites'
INFO: 2016-12-30 10:44:34,632: log_options() 'favorites_operations = [[u'Downloaded', u'Copy'], [u'Fetched', u'Move'], [u'Others', u'Copy']]'
INFO: 2016-12-30 10:44:34,632: log_options() 'fetched_folder = /home/alter/.config/variety/Fetched'
INFO: 2016-12-30 10:44:34,632: log_options() 'filters = [[True, u'Keep original', u''], [False, u'Grayscale', u'-type Grayscale'], [False, u'Heavy blur', u'-blur 120x40'], [False, u'Soft blur', u'-blur 20x7'], [False, u'Oil painting', u'-paint 8'], [False, u'Pencil sketch', u'-colorspace gray \\( +clone -tile ~/.config/variety/pencil_tile.png -draw "color 0,0 reset" +clone +swap -compose color_dodge -composite \\) -fx \'u*.2+v*.8\''], [False, u'Pointilism', u'-spread 10 -noise 3'], [False, u'Pixellate', u'-scale 3% -scale 3333%']]'
INFO: 2016-12-30 10:44:34,632: log_options() 'icon = Light'
INFO: 2016-12-30 10:44:34,633: log_options() 'lightness_enabled = False'
INFO: 2016-12-30 10:44:34,633: log_options() 'lightness_mode = 0'
INFO: 2016-12-30 10:44:34,633: log_options() 'min_rating = 4'
INFO: 2016-12-30 10:44:34,633: log_options() 'min_rating_enabled = False'
INFO: 2016-12-30 10:44:34,634: log_options() 'min_size = 80'
INFO: 2016-12-30 10:44:34,634: log_options() 'min_size_enabled = True'
INFO: 2016-12-30 10:44:34,634: log_options() 'quota_enabled = True'
INFO: 2016-12-30 10:44:34,634: log_options() 'quota_size = 500'
INFO: 2016-12-30 10:44:34,634: log_options() 'quotes_authors = '
INFO: 2016-12-30 10:44:34,635: log_options() 'quotes_bg_color = [79, 79, 79]'
INFO: 2016-12-30 10:44:34,635: log_options() 'quotes_bg_opacity = 55'
INFO: 2016-12-30 10:44:34,635: log_options() 'quotes_change_enabled = False'
INFO: 2016-12-30 10:44:34,635: log_options() 'quotes_change_interval = 300'
INFO: 2016-12-30 10:44:34,635: log_options() 'quotes_disabled_sources = [u'QuotesDaddy']'
INFO: 2016-12-30 10:44:34,636: log_options() 'quotes_enabled = False'
INFO: 2016-12-30 10:44:34,636: log_options() 'quotes_favorites_file = /home/alter/.config/variety/favorite_quotes.txt'
INFO: 2016-12-30 10:44:34,636: log_options() 'quotes_font = Bitstream Charter 30'
INFO: 2016-12-30 10:44:34,636: log_options() 'quotes_hpos = 100'
INFO: 2016-12-30 10:44:34,636: log_options() 'quotes_tags = '
INFO: 2016-12-30 10:44:34,637: log_options() 'quotes_text_color = [255, 255, 255]'
INFO: 2016-12-30 10:44:34,637: log_options() 'quotes_text_shadow = False'
INFO: 2016-12-30 10:44:34,637: log_options() 'quotes_vpos = 40'
INFO: 2016-12-30 10:44:34,637: log_options() 'quotes_width = 70'
INFO: 2016-12-30 10:44:34,637: log_options() 'safe_mode = False'
INFO: 2016-12-30 10:44:34,638: log_options() 'slideshow_custom_enabled = False'
INFO: 2016-12-30 10:44:34,638: log_options() 'slideshow_custom_folder = /home/alter/Pictures'
INFO: 2016-12-30 10:44:34,638: log_options() 'slideshow_downloads_enabled = False'
INFO: 2016-12-30 10:44:34,638: log_options() 'slideshow_fade = 0.4'
INFO: 2016-12-30 10:44:34,639: log_options() 'slideshow_favorites_enabled = True'
INFO: 2016-12-30 10:44:34,639: log_options() 'slideshow_mode = Fullscreen'
INFO: 2016-12-30 10:44:34,639: log_options() 'slideshow_monitor = All'
INFO: 2016-12-30 10:44:34,639: log_options() 'slideshow_pan = 0.05'
INFO: 2016-12-30 10:44:34,639: log_options() 'slideshow_seconds = 6.0'
INFO: 2016-12-30 10:44:34,640: log_options() 'slideshow_sort_order = Random'
INFO: 2016-12-30 10:44:34,640: log_options() 'slideshow_sources_enabled = True'
INFO: 2016-12-30 10:44:34,640: log_options() 'slideshow_zoom = 0.2'
INFO: 2016-12-30 10:44:34,640: log_options() 'smart_enabled = True'
INFO: 2016-12-30 10:44:34,640: log_options() 'smart_notice_shown = True'
INFO: 2016-12-30 10:44:34,641: log_options() 'smart_register_shown = True'
INFO: 2016-12-30 10:44:34,641: log_options() 'sources = [[True, 3, u'The Favorites folder'], [True, 4, u'The Fetched folder'], [True, 19, u'Recommended by Variety. Adapts to your taste as you mark images as favorite or trash.'], [False, 20, u'Latest favorites by the other users of Variety. [May contain NSFW images]'], [True, 2, u'/usr/share/backgrounds'], [True, 6, u'Random wallpapers from Desktoppr.co'], [True, 15, u'Bing Photo of the Day'], [True, 16, u'High-resolution photos from Unsplash.com'], [True, 8, u"NASA's Astronomy Picture of the Day"], [False, 11, u'World Sunlight Map - live wallpaper from Die.net'], [True, 7, u'user:www.flickr.com/photos/peter-levi/;user_id:93647178@N00;']]'
INFO: 2016-12-30 10:44:34,641: log_options() 'stats_enabled = True'
INFO: 2016-12-30 10:44:34,641: log_options() 'stats_notice_shown = True'
INFO: 2016-12-30 10:44:34,641: log_options() 'sync_enabled = True'
INFO: 2016-12-30 10:44:34,642: log_options() 'use_landscape_enabled = True'
INFO: 2016-12-30 10:44:34,642: reload_config() 'No need to clear prepared queue'
INFO: 2016-12-30 10:44:34,646: load_last_change_time() 'Change interval < 6 hours, ignore persisted last_change_time, wait initially the whole interval: 300'
INFO: 2016-12-30 10:44:34,646: update_indicator() 'Setting file info to: /usr/share/backgrounds/gnome/horizon.jpg'
INFO: 2016-12-30 10:44:34,776: regular_change_thread() 'regular_change thread running'
INFO: 2016-12-30 10:44:34,776: prepare_thread() 'Prepare thread running'
INFO: 2016-12-30 10:44:34,777: prepare_thread() 'Prepared buffer contains 0 images'
INFO: 2016-12-30 10:44:34,778: prepare_thread() 'Preparing some images'
INFO: 2016-12-30 10:44:34,808: _run() 'sync: Started, hash 320623c33d4fb4cb8c0bfee250be66e6'
INFO: 2016-12-30 10:44:34,809: load_user() 'smart: Missing smart_user.json, creating new smart user'
INFO: 2016-12-30 10:44:34,809: new_user() 'smart: Creating new smart user'
INFO: 2016-12-30 10:44:34,809: update_indicator_icon() 'Creating indicator'
INFO: 2016-12-30 10:44:34,885: do_set_wp() 'Calling do_set_wp with /usr/share/backgrounds/gnome/horizon.jpg, time: 1483091074.89'
WARNING: 2016-12-30 10:44:34,919: create_menu() 'Variety Slideshow is not installed. Install it with "sudo apt-get install variety-slideshow", read more here: http://peterlevi.com/variety/slideshow/'
INFO: 2016-12-30 10:44:35,011: update_indicator() 'Setting file info to: /usr/share/backgrounds/gnome/horizon.jpg'
INFO: 2016-12-30 10:44:35,383: set_from_theme_icon() 'Showing status icon variety-indicator from GTK theme'
INFO: 2016-12-30 10:44:35,509: update_indicator() 'Setting file info to: /usr/share/backgrounds/gnome/horizon.jpg'
ERROR: 2016-12-30 10:44:35,576: _run() 'sync: Could not load or create smart user'
Traceback (most recent call last):
  File "/usr/lib/python2.7/site-packages/variety/Smart.py", line 516, in _run
    self.load_user(create_if_missing=True)
  File "/usr/lib/python2.7/site-packages/variety/Smart.py", line 128, in load_user
    self.new_user()
  File "/usr/lib/python2.7/site-packages/variety/Smart.py", line 136, in new_user
    self.user = Util.fetch_json(Smart.API_URL + '/newuser')
  File "/usr/lib/python2.7/site-packages/variety/Util.py", line 538, in fetch_json
    return Util.request(url, data).json()
  File "/usr/lib/python2.7/site-packages/variety/Util.py", line 511, in request
    r.raise_for_status()
  File "/usr/lib/python2.7/site-packages/requests/models.py", line 893, in raise_for_status
    raise HTTPError(http_error_msg, response=self)
HTTPError: 503 Server Error: Service Temporarily Unavailable for url: https://vrty.org/api/newuser
INFO: 2016-12-30 10:44:39,452: reload() 'Reloading preferences dialog'
INFO: 2016-12-30 10:44:39,509: load_user() 'smart: Missing smart_user.json, creating new smart user'
INFO: 2016-12-30 10:44:39,509: new_user() 'smart: Creating new smart user'
INFO: 2016-12-30 10:44:39,725: prepare_thread() 'After search prepared buffer contains 86 images'
INFO: 2016-12-30 10:44:39,777: set_wallpaper() 'Calling set_wallpaper with /usr/share/backgrounds/gnome/foam.jpg'
INFO: 2016-12-30 10:44:39,777: prepare_thread() 'Prepared buffer contains 85 images'
INFO: 2016-12-30 10:44:39,778: regular_change_thread() 'regular_change: waiting till user resumes'
INFO: 2016-12-30 10:44:39,783: do_set_wp() 'Calling do_set_wp with /usr/share/backgrounds/gnome/foam.jpg, time: 1483091079.78'
INFO: 2016-12-30 10:44:39,784: load_user() 'smart: Missing smart_user.json, creating new smart user'
INFO: 2016-12-30 10:44:39,785: new_user() 'smart: Creating new smart user'
INFO: 2016-12-30 10:44:39,821: update_indicator() 'Setting file info to: /usr/share/backgrounds/gnome/foam.jpg'
INFO: 2016-12-30 10:44:40,086: load_user() 'smart: Missing smart_user.json, creating new smart user'
INFO: 2016-12-30 10:44:40,087: new_user() 'smart: Creating new smart user'
INFO: 2016-12-30 10:44:40,340: _run() 'sync: Started, hash 5aa18e2f68339adbe162910d8f3cb976'
INFO: 2016-12-30 10:44:40,340: load_user() 'smart: Missing smart_user.json, creating new smart user'
INFO: 2016-12-30 10:44:40,341: new_user() 'smart: Creating new smart user'
INFO: 2016-12-30 10:44:40,380: update_indicator() 'Setting file info to: /usr/share/backgrounds/gnome/foam.jpg'
ERROR: 2016-12-30 10:44:40,596: _run() 'sync: Could not load or create smart user'
Traceback (most recent call last):
  File "/usr/lib/python2.7/site-packages/variety/Smart.py", line 516, in _run
    self.load_user(create_if_missing=True)
  File "/usr/lib/python2.7/site-packages/variety/Smart.py", line 128, in load_user
    self.new_user()
  File "/usr/lib/python2.7/site-packages/variety/Smart.py", line 136, in new_user
    self.user = Util.fetch_json(Smart.API_URL + '/newuser')
  File "/usr/lib/python2.7/site-packages/variety/Util.py", line 538, in fetch_json
    return Util.request(url, data).json()
  File "/usr/lib/python2.7/site-packages/variety/Util.py", line 511, in request
    r.raise_for_status()
  File "/usr/lib/python2.7/site-packages/requests/models.py", line 893, in raise_for_status
    raise HTTPError(http_error_msg, response=self)
HTTPError: 503 Server Error: Service Temporarily Unavailable for url: https://vrty.org/api/newuser
INFO: 2016-12-30 10:44:54,653: stats_report_config() 'Stats: Reporting config anonymously'
INFO: 2016-12-30 10:44:54,790: server_options_thread() 'Fetching server options from http://tiny.cc/variety-options-063'
INFO: 2016-12-30 10:44:55,898: server_options_thread() 'Fetched server options: {u'unsplash': {u'min_fill_queue_interval': 1800, u'min_download_interval': 600}, u'wallpapers.net': {u'min_fill_queue_interval': 600, u'min_download_interval': 0}, u'wallhaven': {u'min_fill_queue_interval': 1800, u'min_download_interval': 1800}, u'wallbase': {u'min_fill_queue_interval': 1800, u'min_download_interval': 1800}, u'flickr': {u'min_fill_queue_interval': 1200, u'min_download_interval': 1200}, u'status_message': {u'*': u'', u'0.0.1': u''}}'
ERROR: 2016-12-30 10:46:00,096: reporting_thread_method() 'Stats: Could not report config'
Traceback (most recent call last):
  File "/usr/lib/python2.7/site-packages/variety/VarietyWindow.py", line 998, in reporting_thread_method
    self.smart.stats_report_config()
  File "/usr/lib/python2.7/site-packages/variety/Smart.py", line 851, in stats_report_config
    res = Util.fetch_json(Smart.API_URL + '/stats/%s/report-config' % statsid, data=data)
  File "/usr/lib/python2.7/site-packages/variety/Util.py", line 538, in fetch_json
    return Util.request(url, data).json()
  File "/usr/lib/python2.7/site-packages/variety/Util.py", line 511, in request
    r.raise_for_status()
  File "/usr/lib/python2.7/site-packages/requests/models.py", line 893, in raise_for_status
    raise HTTPError(http_error_msg, response=self)
HTTPError: 405 Client Error: Method Not Allowed for url: https://vrty.org/api/stats/kot5ymbmnb/report-config
INFO: 2016-12-30 10:46:30,127: stats_report_config() 'Stats: Reporting config anonymously'
ERROR: 2016-12-30 10:47:35,389: reporting_thread_method() 'Stats: Could not report config'
Traceback (most recent call last):
  File "/usr/lib/python2.7/site-packages/variety/VarietyWindow.py", line 998, in reporting_thread_method
    self.smart.stats_report_config()
  File "/usr/lib/python2.7/site-packages/variety/Smart.py", line 851, in stats_report_config
    res = Util.fetch_json(Smart.API_URL + '/stats/%s/report-config' % statsid, data=data)
  File "/usr/lib/python2.7/site-packages/variety/Util.py", line 538, in fetch_json
    return Util.request(url, data).json()
  File "/usr/lib/python2.7/site-packages/variety/Util.py", line 511, in request
    r.raise_for_status()
  File "/usr/lib/python2.7/site-packages/requests/models.py", line 893, in raise_for_status
    raise HTTPError(http_error_msg, response=self)
HTTPError: 405 Client Error: Method Not Allowed for url: https://vrty.org/api/stats/kot5ymbmnb/report-config
INFO: 2016-12-30 10:48:05,406: stats_report_config() 'Stats: Reporting config anonymously'
ERROR: 2016-12-30 10:49:10,679: reporting_thread_method() 'Stats: Could not report config'
Traceback (most recent call last):
  File "/usr/lib/python2.7/site-packages/variety/VarietyWindow.py", line 998, in reporting_thread_method
    self.smart.stats_report_config()
  File "/usr/lib/python2.7/site-packages/variety/Smart.py", line 851, in stats_report_config
    res = Util.fetch_json(Smart.API_URL + '/stats/%s/report-config' % statsid, data=data)
  File "/usr/lib/python2.7/site-packages/variety/Util.py", line 538, in fetch_json
    return Util.request(url, data).json()
  File "/usr/lib/python2.7/site-packages/variety/Util.py", line 511, in request
    r.raise_for_status()
  File "/usr/lib/python2.7/site-packages/requests/models.py", line 893, in raise_for_status
    raise HTTPError(http_error_msg, response=self)
HTTPError: 405 Client Error: Method Not Allowed for url: https://vrty.org/api/stats/kot5ymbmnb/report-config
